<?xml version="1.0" encoding="UTF-8"?>
<!-- Generated by org.testng.reporters.JUnitReportReporter -->
<testsuite hostname="DESKTOP-5OKAUT6" failures="0" tests="4" name="com.qa.TestCase.BBTestCase" time="89.972" errors="0" timestamp="2021-05-03T19:33:32 IST" skipped="0">
  <testcase classname="com.qa.TestCase.BBTestCase" name="BigBasket" time="21.841"/>
  <system-out/>
  <testcase classname="com.qa.TestCase.BBTestCase" name="BigBasket" time="26.245"/>
  <system-out/>
  <testcase classname="com.qa.TestCase.BBTestCase" name="BigBasket" time="13.772"/>
  <system-out/>
  <testcase classname="com.qa.TestCase.BBTestCase" name="BigBasket" time="28.114"/>
  <system-out>
price of Sun Lite - Sunflower Refined Oil : Rs 177 price of Rice Bran Oil : Rs 168 price of Tasty Pro Fitness Conscious Edible Oil : Rs 172.66 price of Refined Oil - Sunflower : Rs 174 price of Kachi Ghani Mustard Oil : Rs 97 price of Gold - Pro Healthy Lifestyle Edible Oil : Rs 729 price of Refined - Sunflower Oil Pouch : Rs 531 price of Soya Bean Oil : Rs 163 price of Refined - Sunflower Oil : Rs 173 price of Oil - Gingelly : Rs 284 price of Oil - Groundnut : Rs 1074 price of Tasty Pro Fitness Conscious Edible Oil : Rs 788.90 price of Refined Oil - Rice Bran : Rs 849 price of Healthy & Tasty - Rice Bran Oil : Rs 150 price of Pooja Oil : Rs 131 price of Active Pro Weight Watchers Edible Oil : Rs 738.70 price of Sun Lite - Sunflower Refined Oil : Rs 887 price of Rice Bran Oil : Rs 161 price of Refined Oil - Rice Bran (Natural Oryzanol & Vitamin E) : Rs 168 price of Coconad - Coconut Oil : Rs 327.75 price of Oil - Heart : MRP: Rs 210 price of Lite - Cooking Oil : MRP: Rs 210 price of Healthy & Tasty - Refined Sunflower Oil : Rs 171 price of Pure Coconut Oil : Rs 230.01 price of Oil - Groundnut : Rs 186 price of Refined Sunflower - Oil : Rs 841 price of Heart Oil - Vegetable : MRP: Rs 519 price of Shudhi - Coconut Oil : Rs 329 price of Active - Goodness Of Olive Oil : Rs 218.99 price of Xpert Pro Sugar Conscious Oil : Rs 791.09 price of Oil - Heart : MRP: Rs 1013 price of Nutrilite Oil - Blend : MRP: Rs 200 price of Pooja Oil - Pancha Thyla : Rs 172 price of Olive Oil - Extra Virgin : Rs 3099.22 price of Extra Virgin Olive Oil : Rs 657 price of Organic Cold Pressed Groundnut Cooking Oil : Rs 668 price of Superlite Advanced Oil - Sunflower : MRP: Rs 729 price of Oil - Mustard (Kachi Ghani) : Rs 188 price of Olive Oil - Extra Light : Rs 2176.06 price of Tilnad Sesame Oil : Rs 145.22 price of Gingelly Oil - Tilnad 100% Pure : Rs 279.46 price of Oil - Heart : MRP: Rs 215 price of Organic Cold Pressed Sunflower Cooking Oil : Rs 598 price of Oil - Rice Bran : Rs 153 price of Active - Goodness Of Olive Oil : Rs 1094.98 price of Refined- Sunflower Oil With Nutri-V Pouch : Rs 546 price of Oil - Deepa light : MRP: Rs 83 price of Coconut Oil - Virgin (Cold Pressed) : MRP: Rs 220  </system-out>
</testsuite> <!-- com.qa.TestCase.BBTestCase -->
